<?xml version="1.0" encoding="UTF-8"?>
<testng-results ignored="0" total="1" passed="1" failed="0" skipped="0">
  <reporter-output>
  </reporter-output>
  <suite started-at="2023-06-23T14:07:52Z" name="Default suite" finished-at="2023-06-23T14:08:06Z" duration-ms="14708">
    <groups>
    </groups>
    <test started-at="2023-06-23T14:07:52Z" name="Default test" finished-at="2023-06-23T14:08:06Z" duration-ms="14708">
      <class name="test.Tes">
        <test-method is-config="true" signature="initializeBrowser()[pri:0, instance:test.Tes@1a245833]" started-at="2023-06-23T14:07:52Z" name="initializeBrowser" finished-at="2023-06-23T14:08:06Z" duration-ms="14585" status="PASS">
          <reporter-output>
          </reporter-output>
        </test-method> <!-- initializeBrowser -->
        <test-method signature="testBro()[pri:0, instance:test.Tes@1a245833]" started-at="2023-06-23T14:08:06Z" name="testBro" finished-at="2023-06-23T14:08:06Z" duration-ms="8" status="PASS">
          <reporter-output>
          </reporter-output>
        </test-method> <!-- testBro -->
        <test-method is-config="true" signature="afterMethod()[pri:0, instance:test.Tes@1a245833]" started-at="2023-06-23T14:08:06Z" name="afterMethod" finished-at="2023-06-23T14:08:06Z" duration-ms="99" status="PASS">
          <reporter-output>
          </reporter-output>
        </test-method> <!-- afterMethod -->
      </class> <!-- test.Tes -->
    </test> <!-- Default test -->
  </suite> <!-- Default suite -->
</testng-results>
